
**** Build of configuration Debug for project example01_systemclock_config ****

"C:\\ti\\ccsv6\\utils\\bin\\gmake" -k all 
'Building file: ../DSP2833x_Libraries/DSP2833x_DefaultIsr.c'
'Invoking: C2000 Compiler'
"C:/ti/ccsv6/tools/compiler/ti-cgt-c2000_15.12.1.LTS/bin/cl2000" -v28 -ml -mt --float_support=fpu32 --include_path="C:/ti/ccsv6/tools/compiler/ti-cgt-c2000_15.12.1.LTS/include" --include_path="D:/Code/DSP28335/example/DSP2833x_Libraries/DSP2833x_common/include" --include_path="D:/Code/DSP28335/example/DSP2833x_Libraries/DSP2833x_headers/include" -g --display_error_number --diag_warning=225 --diag_wrap=off --preproc_with_compile --preproc_dependency="DSP2833x_Libraries/DSP2833x_DefaultIsr.d" --obj_directory="DSP2833x_Libraries"  "../DSP2833x_Libraries/DSP2833x_DefaultIsr.c"
'Finished building: ../DSP2833x_Libraries/DSP2833x_DefaultIsr.c'
' '
'Building file: ../DSP2833x_Libraries/DSP2833x_Gpio.c'
'Invoking: C2000 Compiler'
"C:/ti/ccsv6/tools/compiler/ti-cgt-c2000_15.12.1.LTS/bin/cl2000" -v28 -ml -mt --float_support=fpu32 --include_path="C:/ti/ccsv6/tools/compiler/ti-cgt-c2000_15.12.1.LTS/include" --include_path="D:/Code/DSP28335/example/DSP2833x_Libraries/DSP2833x_common/include" --include_path="D:/Code/DSP28335/example/DSP2833x_Libraries/DSP2833x_headers/include" -g --display_error_number --diag_warning=225 --diag_wrap=off --preproc_with_compile --preproc_dependency="DSP2833x_Libraries/DSP2833x_Gpio.d" --obj_directory="DSP2833x_Libraries"  "../DSP2833x_Libraries/DSP2833x_Gpio.c"
'Finished building: ../DSP2833x_Libraries/DSP2833x_Gpio.c'
' '
'Building file: ../DSP2833x_Libraries/DSP2833x_PieCtrl.c'
'Invoking: C2000 Compiler'
"C:/ti/ccsv6/tools/compiler/ti-cgt-c2000_15.12.1.LTS/bin/cl2000" -v28 -ml -mt --float_support=fpu32 --include_path="C:/ti/ccsv6/tools/compiler/ti-cgt-c2000_15.12.1.LTS/include" --include_path="D:/Code/DSP28335/example/DSP2833x_Libraries/DSP2833x_common/include" --include_path="D:/Code/DSP28335/example/DSP2833x_Libraries/DSP2833x_headers/include" -g --display_error_number --diag_warning=225 --diag_wrap=off --preproc_with_compile --preproc_dependency="DSP2833x_Libraries/DSP2833x_PieCtrl.d" --obj_directory="DSP2833x_Libraries"  "../DSP2833x_Libraries/DSP2833x_PieCtrl.c"
'Finished building: ../DSP2833x_Libraries/DSP2833x_PieCtrl.c'
' '
'Building file: ../DSP2833x_Libraries/DSP2833x_PieVect.c'
'Invoking: C2000 Compiler'
"C:/ti/ccsv6/tools/compiler/ti-cgt-c2000_15.12.1.LTS/bin/cl2000" -v28 -ml -mt --float_support=fpu32 --include_path="C:/ti/ccsv6/tools/compiler/ti-cgt-c2000_15.12.1.LTS/include" --include_path="D:/Code/DSP28335/example/DSP2833x_Libraries/DSP2833x_common/include" --include_path="D:/Code/DSP28335/example/DSP2833x_Libraries/DSP2833x_headers/include" -g --display_error_number --diag_warning=225 --diag_wrap=off --preproc_with_compile --preproc_dependency="DSP2833x_Libraries/DSP2833x_PieVect.d" --obj_directory="DSP2833x_Libraries"  "../DSP2833x_Libraries/DSP2833x_PieVect.c"
'Finished building: ../DSP2833x_Libraries/DSP2833x_PieVect.c'
' '
'Building file: ../DSP2833x_Libraries/DSP2833x_SysCtrl.c'
'Invoking: C2000 Compiler'
"C:/ti/ccsv6/tools/compiler/ti-cgt-c2000_15.12.1.LTS/bin/cl2000" -v28 -ml -mt --float_support=fpu32 --include_path="C:/ti/ccsv6/tools/compiler/ti-cgt-c2000_15.12.1.LTS/include" --include_path="D:/Code/DSP28335/example/DSP2833x_Libraries/DSP2833x_common/include" --include_path="D:/Code/DSP28335/example/DSP2833x_Libraries/DSP2833x_headers/include" -g --display_error_number --diag_warning=225 --diag_wrap=off --preproc_with_compile --preproc_dependency="DSP2833x_Libraries/DSP2833x_SysCtrl.d" --obj_directory="DSP2833x_Libraries"  "../DSP2833x_Libraries/DSP2833x_SysCtrl.c"
'Finished building: ../DSP2833x_Libraries/DSP2833x_SysCtrl.c'
' '
'Building file: ../User/main.c'
'Invoking: C2000 Compiler'
"C:/ti/ccsv6/tools/compiler/ti-cgt-c2000_15.12.1.LTS/bin/cl2000" -v28 -ml -mt --float_support=fpu32 --include_path="C:/ti/ccsv6/tools/compiler/ti-cgt-c2000_15.12.1.LTS/include" --include_path="D:/Code/DSP28335/example/DSP2833x_Libraries/DSP2833x_common/include" --include_path="D:/Code/DSP28335/example/DSP2833x_Libraries/DSP2833x_headers/include" -g --display_error_number --diag_warning=225 --diag_wrap=off --preproc_with_compile --preproc_dependency="User/main.d" --obj_directory="User"  "../User/main.c"
'Finished building: ../User/main.c'
' '
'Building target: example01_systemclock_config.out'
'Invoking: C2000 Linker'
"C:/ti/ccsv6/tools/compiler/ti-cgt-c2000_15.12.1.LTS/bin/cl2000" -v28 -ml -mt --float_support=fpu32 -g --display_error_number --diag_warning=225 --diag_wrap=off -z -m"example01_systemclock_config.map" --stack_size=0x300 --warn_sections -i"C:/ti/ccsv6/tools/compiler/ti-cgt-c2000_15.12.1.LTS/lib" -i"C:/ti/ccsv6/tools/compiler/ti-cgt-c2000_15.12.1.LTS/include" --reread_libs --diag_wrap=off --display_error_number --xml_link_info="example01_systemclock_config_linkInfo.xml" --rom_model -o "example01_systemclock_config.out" "./DSP2833x_Libraries/DSP2833x_ADC_cal.obj" "./DSP2833x_Libraries/DSP2833x_CodeStartBranch.obj" "./DSP2833x_Libraries/DSP2833x_DefaultIsr.obj" "./DSP2833x_Libraries/DSP2833x_GlobalVariableDefs.obj" "./DSP2833x_Libraries/DSP2833x_Gpio.obj" "./DSP2833x_Libraries/DSP2833x_PieCtrl.obj" "./DSP2833x_Libraries/DSP2833x_PieVect.obj" "./DSP2833x_Libraries/DSP2833x_SysCtrl.obj" "./DSP2833x_Libraries/DSP2833x_usDelay.obj" "./User/main.obj" "../DSP2833x_Libraries/28335_RAM_lnk.cmd" "../DSP2833x_Libraries/DSP2833x_Headers_nonBIOS.cmd" "../DSP2833x_Libraries/IQmath.lib"  -llibc.a 
<Linking>
'Finished building target: example01_systemclock_config.out'
' '

**** Build Finished ****
